
Deleted customizer Settings {"theme-auto-version":"4.1.6","is_theme_queue_running":false,"global-color-palette":{"palette":["#FF6A97","#FA036B","#2B161B","#645659","#F8F3F5","#FFFFFF","#000000","#4B4F58","#F6F7F8"]},"font-size-body":{"desktop":17,"tablet":"","mobile":"","desktop-unit":"px","tablet-unit":"px","mobile-unit":"px"},"body-font-family":"'Inter', sans-serif","body-font-weight":400,"headings-font-family":"'Merriweather', serif","headings-font-weight":700}
Deleted - Site Options {"woocommerce_product_attributes":[],"woocommerce_product_cat_list":[],"woocommerce_product_cat":[],"custom_logo":"https:\/\/websitedemos.net\/portfolio-02\/wp-content\/uploads\/sites\/864\/2021\/05\/logo-regular-free-img.png","nav_menu_locations":{"primary":"menu","mobile_menu":"menu"},"show_on_front":"page","page_on_front":"Home","page_for_posts":"","_fl_builder_enabled_icons":null,"_fl_builder_enabled_modules":null,"_fl_builder_post_types":null,"_fl_builder_color_presets":null,"_fl_builder_services":null,"_fl_builder_settings":null,"_fl_builder_user_access":null,"_fl_builder_enabled_templates":null,"elementor_container_width":null,"elementor_cpt_support":["post","page"],"elementor_css_print_method":"external","elementor_default_generic_fonts":null,"elementor_disable_color_schemes":"yes","elementor_disable_typography_schemes":"yes","elementor_editor_break_lines":"","elementor_exclude_user_roles":null,"elementor_global_image_lightbox":null,"elementor_page_title_selector":null,"elementor_scheme_color":{"1":"#6ec1e4","2":"#54595f","3":"#7a7a7a","4":"#61ce70"},"elementor_scheme_color-picker]":{"1":"#6ec1e4","2":"#54595f","3":"#7a7a7a","4":"#61ce70","5":"#4054b2","6":"#23a455","7":"#000","8":"#fff"},"elementor_scheme_typography":{"1":{"font_family":"Roboto","font_weight":"600"},"2":{"font_family":"Roboto Slab","font_weight":"400"},"3":{"font_family":"Roboto","font_weight":"400"},"4":{"font_family":"Roboto","font_weight":"500"}},"elementor_space_between_widgets":null,"elementor_stretched_section_container":null,"elementor_load_fa4_shim":"","elementor_active_kit":"8","woocommerce_shop_page_title":"","woocommerce_cart_page_title":"","woocommerce_checkout_page_title":"","woocommerce_myaccount_page_title":"","woocommerce_edit_address_page_title":"","woocommerce_view_order_page_title":"","woocommerce_change_password_page_title":"","woocommerce_logout_page_title":"","woocommerce_enable_guest_checkout":null,"woocommerce_enable_checkout_login_reminder":null,"woocommerce_enable_signup_and_login_from_checkout":null,"woocommerce_enable_myaccount_registration":null,"woocommerce_registration_generate_username":null,"wpforms_settings":{"disable-css":"2","global-assets":false,"gdpr":false},"learndash_settings_theme_ld30":null,"learndash_settings_courses_themes":null,"astra-color-palettes":{"currentPalette":"palette_1","palettes":{"palette_1":["#009bdf","#009bdf","#000000","#758398","#f6f8fa","#ffffff","#243673","#FBFCFF","#BFD1FF"],"palette_2":["#046bb0","#6f6e6e","#2b2a2a","#5e6062","#e0dbdb","#f5f5f5","#505152","#e7e3e3","#d1cccc"],"palette_3":["#046bb0","#6f6e6e","#2b2a2a","#5e6062","#e0dbdb","#f5f5f5","#505152","#e7e3e3","#d1cccc"]},"flag":false},"astra-typography-presets":""}
DELETED - WIDGETS ["nav_menu-4","search-2","recent-posts-2","recent-comments-2","archives-2","categories-3","meta-2","nav_menu-3","custom_html-1"]
DELETED - WIDGET nav_menu-4
DELETED - WIDGET search-2
DELETED - WIDGET recent-posts-2
DELETED - WIDGET recent-comments-2
DELETED - WIDGET archives-2
DELETED - WIDGET categories-3
DELETED - WIDGET meta-2
DELETED - WIDGET nav_menu-3
DELETED - WIDGET custom_html-1
Imported - Site Options {"woocommerce_product_attributes":[],"woocommerce_product_cat_list":[],"woocommerce_product_cat":[],"custom_logo":"https:\/\/websitedemos.net\/portfolio-02\/wp-content\/uploads\/sites\/864\/2021\/05\/logo-regular-free-img.png","nav_menu_locations":{"primary":"menu","mobile_menu":"menu"},"show_on_front":"page","page_on_front":"Home","page_for_posts":"","_fl_builder_enabled_icons":null,"_fl_builder_enabled_modules":null,"_fl_builder_post_types":null,"_fl_builder_color_presets":null,"_fl_builder_services":null,"_fl_builder_settings":null,"_fl_builder_user_access":null,"_fl_builder_enabled_templates":null,"elementor_container_width":null,"elementor_cpt_support":["post","page"],"elementor_css_print_method":"external","elementor_default_generic_fonts":null,"elementor_disable_color_schemes":"yes","elementor_disable_typography_schemes":"yes","elementor_editor_break_lines":"","elementor_exclude_user_roles":null,"elementor_global_image_lightbox":null,"elementor_page_title_selector":null,"elementor_scheme_color":{"1":"#6ec1e4","2":"#54595f","3":"#7a7a7a","4":"#61ce70"},"elementor_scheme_color-picker]":{"1":"#6ec1e4","2":"#54595f","3":"#7a7a7a","4":"#61ce70","5":"#4054b2","6":"#23a455","7":"#000","8":"#fff"},"elementor_scheme_typography":{"1":{"font_family":"Roboto","font_weight":"600"},"2":{"font_family":"Roboto Slab","font_weight":"400"},"3":{"font_family":"Roboto","font_weight":"400"},"4":{"font_family":"Roboto","font_weight":"500"}},"elementor_space_between_widgets":null,"elementor_stretched_section_container":null,"elementor_load_fa4_shim":"","elementor_active_kit":"8","woocommerce_shop_page_title":"","woocommerce_cart_page_title":"","woocommerce_checkout_page_title":"","woocommerce_myaccount_page_title":"","woocommerce_edit_address_page_title":"","woocommerce_view_order_page_title":"","woocommerce_change_password_page_title":"","woocommerce_logout_page_title":"","woocommerce_enable_guest_checkout":null,"woocommerce_enable_checkout_login_reminder":null,"woocommerce_enable_signup_and_login_from_checkout":null,"woocommerce_enable_myaccount_registration":null,"woocommerce_registration_generate_username":null,"wpforms_settings":{"disable-css":"2","global-assets":false,"gdpr":false},"learndash_settings_theme_ld30":null,"learndash_settings_courses_themes":null,"astra-color-palettes":{"currentPalette":"palette_1","palettes":{"palette_1":["#009bdf","#009bdf","#000000","#758398","#f6f8fa","#ffffff","#243673","#FBFCFF","#BFD1FF"],"palette_2":["#046bb0","#6f6e6e","#2b2a2a","#5e6062","#e0dbdb","#f5f5f5","#505152","#e7e3e3","#d1cccc"],"palette_3":["#046bb0","#6f6e6e","#2b2a2a","#5e6062","#e0dbdb","#f5f5f5","#505152","#e7e3e3","#d1cccc"]},"flag":false},"astra-typography-presets":""}
Source - https://websitedemos.net/portfolio-02/wp-content/uploads/sites/864/2021/05/logo-regular-free-img.png
BATCH - SKIP Image {already imported from xml} - https://websitedemos.net/portfolio-02/wp-content/uploads/sites/864/2021/05/logo-regular-free-img.png
Log - {"url":"https:\/\/websitedemos.net\/portfolio-02\/wp-content\/uploads\/sites\/864\/2021\/05\/logo-regular-free-img.png","id":0}
Inserted - Post 25237 - attachment - logo-regular-free-img.png
BATCH - SUCCESS Image {Imported} - http://localhost/wordpress/wp-content/uploads/2023/07/logo-regular-free-img.png
Inserted - Post 25237 - attachment - logo-regular-free-img.png
Deleted customizer Settings {"theme-auto-version":"4.1.6","is_theme_queue_running":false}
Deleted - Site Options {"woocommerce_product_attributes":[],"woocommerce_product_cat_list":[],"woocommerce_product_cat":[],"custom_logo":"https:\/\/websitedemos.net\/portfolio-02\/wp-content\/uploads\/sites\/864\/2021\/05\/logo-regular-free-img.png","nav_menu_locations":{"primary":"menu","mobile_menu":"menu"},"show_on_front":"page","page_on_front":"Home","page_for_posts":"","_fl_builder_enabled_icons":null,"_fl_builder_enabled_modules":null,"_fl_builder_post_types":null,"_fl_builder_color_presets":null,"_fl_builder_services":null,"_fl_builder_settings":null,"_fl_builder_user_access":null,"_fl_builder_enabled_templates":null,"elementor_container_width":null,"elementor_cpt_support":["post","page"],"elementor_css_print_method":"external","elementor_default_generic_fonts":null,"elementor_disable_color_schemes":"yes","elementor_disable_typography_schemes":"yes","elementor_editor_break_lines":"","elementor_exclude_user_roles":null,"elementor_global_image_lightbox":null,"elementor_page_title_selector":null,"elementor_scheme_color":{"1":"#6ec1e4","2":"#54595f","3":"#7a7a7a","4":"#61ce70"},"elementor_scheme_color-picker]":{"1":"#6ec1e4","2":"#54595f","3":"#7a7a7a","4":"#61ce70","5":"#4054b2","6":"#23a455","7":"#000","8":"#fff"},"elementor_scheme_typography":{"1":{"font_family":"Roboto","font_weight":"600"},"2":{"font_family":"Roboto Slab","font_weight":"400"},"3":{"font_family":"Roboto","font_weight":"400"},"4":{"font_family":"Roboto","font_weight":"500"}},"elementor_space_between_widgets":null,"elementor_stretched_section_container":null,"elementor_load_fa4_shim":"","elementor_active_kit":"8","woocommerce_shop_page_title":"","woocommerce_cart_page_title":"","woocommerce_checkout_page_title":"","woocommerce_myaccount_page_title":"","woocommerce_edit_address_page_title":"","woocommerce_view_order_page_title":"","woocommerce_change_password_page_title":"","woocommerce_logout_page_title":"","woocommerce_enable_guest_checkout":null,"woocommerce_enable_checkout_login_reminder":null,"woocommerce_enable_signup_and_login_from_checkout":null,"woocommerce_enable_myaccount_registration":null,"woocommerce_registration_generate_username":null,"wpforms_settings":{"disable-css":"2","global-assets":false,"gdpr":false},"learndash_settings_theme_ld30":null,"learndash_settings_courses_themes":null,"astra-color-palettes":{"currentPalette":"palette_1","palettes":{"palette_1":["#009bdf","#009bdf","#000000","#758398","#f6f8fa","#ffffff","#243673","#FBFCFF","#BFD1FF"],"palette_2":["#046bb0","#6f6e6e","#2b2a2a","#5e6062","#e0dbdb","#f5f5f5","#505152","#e7e3e3","#d1cccc"],"palette_3":["#046bb0","#6f6e6e","#2b2a2a","#5e6062","#e0dbdb","#f5f5f5","#505152","#e7e3e3","#d1cccc"]},"flag":false},"astra-typography-presets":""}
Imported - Widgets {"wp_inactive_widgets":["search-2","recent-posts-2","recent-comments-2","archives-2","categories-3","meta-2","nav_menu-3","custom_html-1","nav_menu-6"],"sidebar-1":["search-3","recent-posts-3","recent-comments-3","archives-3","categories-4","meta-3"],"header-widget":[],"footer-widget-1":["nav_menu-5"],"footer-widget-2":["custom_html-2"],"footer-widget-3":[],"array_version":3}
DELETED - WIDGETS ["search-2","recent-posts-2","recent-comments-2","archives-2","categories-3","meta-2","nav_menu-3","custom_html-1","nav_menu-6","search-3","recent-posts-3","recent-comments-3","archives-3","categories-4","meta-3","nav_menu-5","custom_html-2"]
DELETED - WIDGET search-2
DELETED - WIDGET recent-posts-2
DELETED - WIDGET recent-comments-2
DELETED - WIDGET archives-2
DELETED - WIDGET categories-3
DELETED - WIDGET meta-2
DELETED - WIDGET nav_menu-3
DELETED - WIDGET custom_html-1
DELETED - WIDGET nav_menu-6
DELETED - WIDGET search-3
DELETED - WIDGET recent-posts-3
DELETED - WIDGET recent-comments-3
DELETED - WIDGET archives-3
DELETED - WIDGET categories-4
DELETED - WIDGET meta-3
DELETED - WIDGET nav_menu-5
DELETED - WIDGET custom_html-2
Batch Process Started..
Starter Templates - Importing Images for Blog name 'Tzelginia website_wp' (1)
Deleted - Post ID 25237 - attachment - logo-regular-free-img.png
---- Processing Images from Widgets -----
---- Processing Contact Form Mapping from Text Widgets -----
---- Processing WordPress Posts / Pages - for "Gutenberg" ----
---- Processing WordPress Posts / Pages - for Elementor ----
---- Processing MISC ----
---- Processing Images Metadata ----
---- Processing Images Metadata Completed ----
---- Processing batch process for Customizer start ----
---- Processing batch process for Customizer done ----
Batch Process Complete!